<?xml version="1.0" encoding="UTF-8"?>
<!-- Generated by org.testng.reporters.JUnitXMLReporter -->
<testsuite hostname="APPY-PC" name="ReporterTest2" tests="4" failures="1" timestamp="25 Oct 2017 19:57:42 GMT" time="35.461" errors="0">
  <testcase name="test5" time="5.433" classname="scripts.Script02"/>
  <testcase name="test6" time="4.397" classname="scripts.Script02"/>
  <testcase name="test7" time="0.054" classname="scripts.Script02">
    <failure type="java.lang.AssertionError" message="expected [true] but found [false]">
      <![CDATA[java.lang.AssertionError: expected [true] but found [false]
	at scripts.Script02.test7(Script02.java:40)
	at java.util.concurrent.FutureTask.run(Unknown Source)
	at java.util.concurrent.ThreadPoolExecutor.runWorker(Unknown Source)
	at java.util.concurrent.ThreadPoolExecutor$Worker.run(Unknown Source)
	at java.lang.Thread.run(Unknown Source)
... Removed 20 stack frames]]>
    </failure>
  </testcase> <!-- test7 -->
  <testcase name="test8" time="0.547" classname="scripts.Script02"/>
</testsuite> <!-- ReporterTest2 -->
