<?xml version="1.0" encoding="UTF-8"?>
<!-- Generated by org.testng.reporters.JUnitXMLReporter -->
<testsuite hostname="testlap" ignored="0" name="ReporterTest2" tests="4" failures="1" timestamp="30 May 2020 14:36:32 GMT" time="5.115" errors="0">
  <testcase name="test5" time="0.582" classname="tests.Script02"/>
  <testcase name="test6" time="1.292" classname="tests.Script02"/>
  <testcase name="test7" time="0.695" classname="tests.Script02">
    <failure type="java.lang.AssertionError" message="expected [true] but found [false]">
      <![CDATA[java.lang.AssertionError: expected [true] but found [false]
at tests.Script02.test7(Script02.java:28)
... Removed 29 stack frames]]>
    </failure>
  </testcase> <!-- test7 -->
  <testcase name="test8" time="0.984" classname="tests.Script02"/>
</testsuite> <!-- ReporterTest2 -->
