<?xml version="1.0" encoding="UTF-8"?>
<!-- Generated by org.testng.reporters.JUnitXMLReporter -->
<testsuite hostname="testlap" ignored="0" name="ReporterTest1" tests="4" failures="2" timestamp="30 May 2020 14:36:27 GMT" time="6.353" errors="0">
  <testcase name="test1" time="0.723" classname="tests.Script01"/>
  <testcase name="test2" time="1.764" classname="tests.Script01"/>
  <testcase name="test3" time="0.398" classname="tests.Script01">
    <failure type="java.lang.AssertionError" message="expected [true] but found [false]">
      <![CDATA[java.lang.AssertionError: expected [true] but found [false]
at tests.Script01.test3(Script01.java:28)
... Removed 29 stack frames]]>
    </failure>
  </testcase> <!-- test3 -->
  <testcase name="test4" time="1.35" classname="tests.Script01">
    <failure type="java.lang.AssertionError" message="expected [true] but found [false]">
      <![CDATA[java.lang.AssertionError: expected [true] but found [false]
at tests.Script01.test4(Script01.java:34)
... Removed 29 stack frames]]>
    </failure>
  </testcase> <!-- test4 -->
</testsuite> <!-- ReporterTest1 -->
